<?xml version="1.0" encoding="UTF-8"?>
<!-- Generated by org.testng.reporters.JUnitReportReporter -->
<testsuite skipped="0" hostname="Vikkyaradhya" name="stepDefinitions.Register" tests="5" failures="0" timestamp="20 Nov 2018 17:12:57 GMT" time="88.690" errors="0">
  <testcase name="click_register" time="4.187" classname="stepDefinitions.Register"/>
  <testcase name="click_submitregister" time="37.258" classname="stepDefinitions.Register"/>
  <testcase name="set_contact_information" time="12.418" classname="stepDefinitions.Register"/>
  <testcase name="set_mailing_information" time="25.571" classname="stepDefinitions.Register"/>
  <testcase name="set_user_information" time="9.256" classname="stepDefinitions.Register"/>
</testsuite> <!-- stepDefinitions.Register -->
